[0m[[0m[0mdebug[0m] [0m[0m> Exec(__runWatch console0, Some(83558eeb-9b95-48b4-80f1-468d8a3073c8), Some(CommandSource(console0)))[0m
[0m[[0m[0mdebug[0m] [0m[0m> Exec(sbtStashOnFailure, None, Some(CommandSource(console0)))[0m
[0m[[0m[0mdebug[0m] [0m[0m> Exec(__preWatch console0, None, Some(CommandSource(console0)))[0m
[0m[[0m[0mdebug[0m] [0m[0m> Exec(run, None, Some(CommandSource(console0)))[0m
[0m[[0m[0mdebug[0m] [0m[0mEvaluating tasks: Compile / run[0m
[0m[[0m[0mdebug[0m] [0m[0mRunning task... Cancel: Signal, check cycles: false, forcegc: true[0m
[0m[[0m[0minfo[0m] [0m[0mcompiling 1 Scala source to /Users/torresfan/Desktop/carPricePredictProject/car-price-predict-model/carpricepredict/target/scala-2.12/classes ...[0m
[0m[[0m[31merror[0m] [0m[0m/Users/torresfan/Desktop/carPricePredictProject/car-price-predict-model/carpricepredict/src/main/scala/predictModel/predict.scala:45:20: illegal start of simple expression[0m
[0m[[0m[31merror[0m] [0m[0m      .setInputCol(['model])[0m
[0m[[0m[31merror[0m] [0m[0m                   ^[0m
[0m[[0m[31merror[0m] [0m[0m/Users/torresfan/Desktop/carPricePredictProject/car-price-predict-model/carpricepredict/src/main/scala/predictModel/predict.scala:84:3: ')' expected but '}' found.[0m
[0m[[0m[31merror[0m] [0m[0m  }[0m
[0m[[0m[31merror[0m] [0m[0m  ^[0m
[0m[[0m[31merror[0m] [0m[0mtwo errors found[0m
[0m[[0m[31merror[0m] [0m[0m(Compile / [31mcompileIncremental[0m) Compilation failed[0m
[0m[[0m[31merror[0m] [0m[0mTotal time: 4 s, completed Nov 13, 2021 4:36:40 PM[0m
[0m[[0m[0mdebug[0m] [0m[0m> Exec(resumeFromFailure, None, Some(CommandSource(console0)))[0m
[0m[[0m[0mdebug[0m] [0m[0m> Exec(sbtPopOnFailure, None, Some(CommandSource(console0)))[0m
[0m[[0m[0mdebug[0m] [0m[0m> Exec(__postWatch console0, None, Some(CommandSource(console0)))[0m
[0m[[0m[0mdebug[0m] [0m[0m> Exec(resumeFromFailure, None, None)[0m
[0m[[0m[0mdebug[0m] [0m[0m> Exec(__waitWatch console0, None, None)[0m
